<?xml version="1.0" encoding="UTF-8"?>
<!-- Generated by org.testng.reporters.JUnitReportReporter -->
<testsuite skipped="0" hostname="IND-PYadav" name="com.plivo.tests.home.LoginPageTest" tests="1" failures="0" timestamp="20 Dec 2018 16:47:48 GMT" time="75.512" errors="0">
  <testcase name="test_login" time="75.512" classname="com.plivo.tests.home.LoginPageTest"/>
</testsuite> <!-- com.plivo.tests.home.LoginPageTest -->
